<?xml version="1.0" encoding="UTF-8"?>
<!-- Generated by org.testng.reporters.JUnitReportReporter -->
<testsuite hostname="LGARLANK" name="com.training.sanity.tests.FirstTestCase" tests="1" failures="0" timestamp="18 Jun 2019 07:04:10 GMT" time="42.657" errors="0">
  <testcase name="validLoginTest" time="42.657" classname="com.training.sanity.tests.FirstTestCase"/>
</testsuite> <!-- com.training.sanity.tests.FirstTestCase -->
