<?xml version="1.0" encoding="UTF-8"?>
<!-- Generated by org.testng.reporters.JUnitReportReporter -->
<testsuite hostname="LGARLANK" name="com.training.sanity.tests.ThirdTestCase" tests="1" failures="0" timestamp="18 Jun 2019 07:19:21 GMT" time="38.506" errors="0">
  <testcase name="ThirdTestcase" time="38.506" classname="com.training.sanity.tests.ThirdTestCase"/>
</testsuite> <!-- com.training.sanity.tests.ThirdTestCase -->
