<?xml version="1.0" encoding="UTF-8"?>
<!-- Generated by org.testng.reporters.JUnitReportReporter -->
<testsuite hostname="LGARLANK" name="com.training.sanity.tests.FourthTestcase" tests="1" failures="0" timestamp="19 Jun 2019 05:44:14 GMT" time="71.712" errors="0">
  <testcase name="FourthTestCaseExec" time="71.712" classname="com.training.sanity.tests.FourthTestcase"/>
</testsuite> <!-- com.training.sanity.tests.FourthTestcase -->
