<?xml version="1.0" encoding="UTF-8"?>
<!-- Generated by org.testng.reporters.JUnitReportReporter -->
<testsuite hostname="LGARLANK" name="com.training.sanity.tests.RETC_040" tests="1" failures="0" timestamp="19 Jun 2019 06:03:44 GMT" time="94.439" errors="0">
  <testcase name="FourthTestCaseExec" time="94.439" classname="com.training.sanity.tests.RETC_040"/>
</testsuite> <!-- com.training.sanity.tests.RETC_040 -->
