<?xml version="1.0" encoding="UTF-8"?>
<!-- Generated by org.testng.reporters.JUnitReportReporter -->
<testsuite hostname="LGARLANK" name="com.training.sanity.tests.RETC_039" tests="1" failures="0" timestamp="19 Jun 2019 06:06:13 GMT" time="82.420" errors="0">
  <testcase name="FourthTestCaseExec" time="82.420" classname="com.training.sanity.tests.RETC_039"/>
</testsuite> <!-- com.training.sanity.tests.RETC_039 -->
