<?xml version="1.0" encoding="UTF-8"?>
<!-- Generated by org.testng.reporters.JUnitReportReporter -->
<testsuite hostname="LGARLANK" name="com.training.sanity.tests.SecondTestCase" tests="1" failures="0" timestamp="18 Jun 2019 07:06:01 GMT" time="23.148" errors="0">
  <testcase name="SecondTestCse" time="23.148" classname="com.training.sanity.tests.SecondTestCase"/>
</testsuite> <!-- com.training.sanity.tests.SecondTestCase -->
