<?xml version="1.0" encoding="UTF-8"?>
<!-- Generated by org.testng.reporters.JUnitReportReporter -->
<testsuite hostname="LGARLANK" name="com.training.sanity.tests.RETC_041" tests="1" failures="0" timestamp="19 Jun 2019 06:53:37 GMT" time="92.048" errors="0">
  <testcase name="SixthTestCaseExec" time="92.048" classname="com.training.sanity.tests.RETC_041"/>
</testsuite> <!-- com.training.sanity.tests.RETC_041 -->
